<?xml version="1.0" encoding="UTF-8"?>
<!-- Generated by org.testng.reporters.JUnitXMLReporter -->
<testsuite ignored="0" hostname="Rishabh" failures="1" tests="2" name="Test" time="11.98" errors="0" timestamp="2023-05-26T02:56:47 IST">
  <testcase classname="com.NetBanking.testCases.Login_TC_001" name="LoginValidation" time="1.484"/>
  <testcase classname="com.NetBanking.testCases.Login_TC_001" name="addaccount" time="1.908">
    <failure type="java.lang.AssertionError" message="expected [true] but found [false]">
      <![CDATA[java.lang.AssertionError: expected [true] but found [false]
at com.NetBanking.testCases.Login_TC_001.addaccount(Login_TC_001.java:38)
at java.base/java.util.ArrayList.forEach(ArrayList.java:1511)
... Removed 31 stack frames]]>
    </failure>
  </testcase> <!-- addaccount -->
</testsuite> <!-- Test -->
